<?xml version="1.0" encoding="UTF-8"?>
<!-- Generated by org.testng.reporters.JUnitReportReporter -->
<testsuite hostname="PF2J3VVK-AL1" failures="0" tests="1" name="demo.opencart.TC_RegisterPage" time="12.583" errors="0" timestamp="19 Jan 2023 11:53:27 GMT" skipped="0">
  <testcase classname="demo.opencart.TC_RegisterPage" name="registerTest" time="12.583"/>
</testsuite> <!-- demo.opencart.TC_RegisterPage -->
